<?xml version="1.0" encoding="UTF-8"?>
<!-- Generated by org.testng.reporters.JUnitReportReporter -->
<testsuite skipped="0" hostname="Shrihan-PC" name="TestNGAnnotations.HandleCalenderAndWebtable" tests="1" failures="0" timestamp="2020-03-07T18:31:30 IST" time="24.665" errors="0">
  <testcase name="Test1" time="24.665" classname="TestNGAnnotations.HandleCalenderAndWebtable"/>
</testsuite> <!-- TestNGAnnotations.HandleCalenderAndWebtable -->
