<?xml version="1.0" encoding="UTF-8"?>
<!-- Generated by org.testng.reporters.JUnitReportReporter -->
<testsuite skipped="0" hostname="Shrihan-PC" name="TestNGAnnotations.SecondTestNGClass" tests="2" failures="0" timestamp="2020-02-29T11:51:58 IST" time="0.008" errors="0">
  <testcase name="Test1" time="0.006" classname="TestNGAnnotations.SecondTestNGClass"/>
  <testcase name="Test1" time="0.002" classname="TestNGAnnotations.SecondTestNGClass"/>
</testsuite> <!-- TestNGAnnotations.SecondTestNGClass -->
