<?xml version="1.0" encoding="UTF-8"?>
<!-- Generated by org.testng.reporters.JUnitReportReporter -->
<testsuite skipped="0" hostname="Shrihan-PC" name="TestNGAnnotations.ReadExcel" tests="1" failures="0" timestamp="2020-03-01T10:47:32 IST" time="2.080" errors="0">
  <testcase name="readExcel" time="2.080" classname="TestNGAnnotations.ReadExcel"/>
</testsuite> <!-- TestNGAnnotations.ReadExcel -->
