<?xml version="1.0" encoding="UTF-8"?>
<!-- Generated by org.testng.reporters.JUnitReportReporter -->
<testsuite skipped="0" hostname="Shrihan-PC" name="TestNGAnnotations.FileUpload" tests="1" failures="0" timestamp="2020-03-07T13:26:08 IST" time="41.094" errors="0">
  <testcase name="test1" time="41.094" classname="TestNGAnnotations.FileUpload"/>
</testsuite> <!-- TestNGAnnotations.FileUpload -->
