<?xml version="1.0" encoding="UTF-8"?>
<!-- Generated by org.testng.reporters.JUnitReportReporter -->
<testsuite skipped="0" hostname="Shrihan-PC" name="TestNGAnnotations.Mouseover" tests="1" failures="0" timestamp="2020-03-01T13:32:22 IST" time="86.584" errors="0">
  <testcase name="Test1" time="86.584" classname="TestNGAnnotations.Mouseover"/>
</testsuite> <!-- TestNGAnnotations.Mouseover -->
