<?xml version="1.0" encoding="UTF-8"?>
<!-- Generated by org.testng.reporters.JUnitReportReporter -->
<testsuite skipped="0" hostname="Shrihan-PC" name="TestNGAnnotations.HandleIFramework" tests="1" failures="0" timestamp="2020-03-01T14:06:07 IST" time="32.132" errors="0">
  <testcase name="test1" time="32.132" classname="TestNGAnnotations.HandleIFramework"/>
</testsuite> <!-- TestNGAnnotations.HandleIFramework -->
