<?xml version="1.0" encoding="UTF-8"?>
<!-- Generated by org.testng.reporters.JUnitReportReporter -->
<testsuite skipped="0" hostname="Shrihan-PC" name="TestNGAnnotations.Truck" tests="3" failures="0" timestamp="2020-03-01T09:14:51 IST" time="0.005" errors="0">
  <testcase name="Test2" time="0.002" classname="TestNGAnnotations.Truck"/>
  <testcase name="Test1" time="0.002" classname="TestNGAnnotations.Truck"/>
  <testcase name="Test3" time="0.001" classname="TestNGAnnotations.Truck"/>
</testsuite> <!-- TestNGAnnotations.Truck -->
