<?xml version="1.0" encoding="UTF-8"?>
<!-- Generated by org.testng.reporters.JUnitReportReporter -->
<testsuite skipped="0" hostname="Shrihan-PC" name="TestNGAnnotations.LearnExplicitwait" tests="1" failures="0" timestamp="2020-03-07T12:56:27 IST" time="13.539" errors="0">
  <testcase name="test2" time="13.539" classname="TestNGAnnotations.LearnExplicitwait"/>
</testsuite> <!-- TestNGAnnotations.LearnExplicitwait -->
