<?xml version="1.0" encoding="UTF-8"?>
<!-- Generated by org.testng.reporters.JUnitReportReporter -->
<testsuite skipped="0" hostname="Shrihan-PC" name="samplepackage.SecondMavenClass" tests="1" failures="0" timestamp="09 Mar 2020 14:39:06 GMT" time="0.020" errors="0">
  <testcase name="test2" time="0.020" classname="samplepackage.SecondMavenClass"/>
</testsuite> <!-- samplepackage.SecondMavenClass -->
